Starting migrations...
======================
> Network name:    'ropsten'
> Network id:      3
> Block gas limit: 0x7a1200


1_initial_migration.js
======================

   Deploying 'Migrations'
   ----------------------
   > transaction hash:    0x7e70c9eec127af1f82746f2aa9eb51fada66fc1b22df4d8d024755c3a872ee6c
   > Blocks: 1            Seconds: 25
   > contract address:    0xfeea2b8B40BbA439380773B13EB1CbC6097b9C41
   > account:             0x0F548D8aAbAB2a0A9F73E14819ec599AdC32f24E
   > balance:             4.413891134
   > gas used:            221171
   > gas price:           10 gwei
   > value sent:          0 ETH
   > total cost:          0.00221171 ETH

   Pausing for 3 confirmations...
   ------------------------------
   > confirmation number: 1 (block: 5505398)
   > confirmation number: 2 (block: 5505399)
   > confirmation number: 3 (block: 5505400)

   > Saving migration to chain.
   > Saving artifacts
   -------------------------------------
   > Total cost:          0.00221171 ETH


2_deployment.js
===============

   Deploying 'Proxy'
   -----------------
   > transaction hash:    0x79d0432a5581f58f8a2adc494d344a91781976f88b3dbce9c362ffd8d4c40f8f
   > Blocks: 0            Seconds: 21
   > contract address:    0x5f10F5D3103bE9352809be96b37AAB83b4C6A2cb
   > account:             0x0F548D8aAbAB2a0A9F73E14819ec599AdC32f24E
   > balance:             4.397170524
   > gas used:            1630132
   > gas price:           10 gwei
   > value sent:          0 ETH
   > total cost:          0.01630132 ETH

   Pausing for 3 confirmations...
   ------------------------------
   > confirmation number: 1 (block: 5505408)
   > confirmation number: 2 (block: 5505409)
   > confirmation number: 3 (block: 5505410)

   Deploying 'UniversalDB'
   -----------------------
   > transaction hash:    0x0fc16d846b2f49f32ba926501e754f6626913a9f51adcdb02c9333c0bd750ee3
   > Blocks: 3            Seconds: 65
   > contract address:    0x063e305760C4cefCa3839C8ac2083E374Eae2780
   > account:             0x0F548D8aAbAB2a0A9F73E14819ec599AdC32f24E
   > balance:             4.373625994
   > gas used:            2354453
   > gas price:           10 gwei
   > value sent:          0 ETH
   > total cost:          0.02354453 ETH

   Pausing for 3 confirmations...
   ------------------------------
   > confirmation number: 1 (block: 5505415)
   > confirmation number: 2 (block: 5505416)
   > confirmation number: 3 (block: 5505417)

   Deploying 'ActorDB'
   -------------------
   > transaction hash:    0x9507777dd449898304a0d3a7603c228d768b03ae8ba9b0f52d16786e811b93a5
   > Blocks: 3            Seconds: 85
   > contract address:    0xb19563Fa23AE2240e0a7eA191d5CdED17f5092AA
   > account:             0x0F548D8aAbAB2a0A9F73E14819ec599AdC32f24E
   > balance:             4.355310514
   > gas used:            1831548
   > gas price:           10 gwei
   > value sent:          0 ETH
   > total cost:          0.01831548 ETH

   Pausing for 3 confirmations...
   ------------------------------
   > confirmation number: 1 (block: 5505422)
   > confirmation number: 2 (block: 5505423)
   > confirmation number: 3 (block: 5505424)

   Deploying 'CampaignDB'
   ----------------------
   > transaction hash:    0x4f1d5e5550606ab92fbb78a70e223112b6d4a0422707cdecd7b073bf40cfea16
   > Blocks: 2            Seconds: 29
   > contract address:    0xAE13fB4085f2B971f1aa5340A5bcDAe030C64719
   > account:             0x0F548D8aAbAB2a0A9F73E14819ec599AdC32f24E
   > balance:             4.321763314
   > gas used:            3354720
   > gas price:           10 gwei
   > value sent:          0 ETH
   > total cost:          0.0335472 ETH

   Pausing for 3 confirmations...
   ------------------------------
   > confirmation number: 1 (block: 5505429)
   > confirmation number: 2 (block: 5505430)
   > confirmation number: 3 (block: 5505431)

   Deploying 'DealDB'
   ------------------
   > transaction hash:    0xf5cc09080c29d96308e3b3700b63b93e3654f463010b6aa50fae4f5d1d787c0e
   > Blocks: 2            Seconds: 33
   > contract address:    0x3548FE892737a348c46AF5c074a1531F84a2bEA7
   > account:             0x0F548D8aAbAB2a0A9F73E14819ec599AdC32f24E
   > balance:             4.299481314
   > gas used:            2228200
   > gas price:           10 gwei
   > value sent:          0 ETH
   > total cost:          0.022282 ETH

   Pausing for 3 confirmations...
   ------------------------------
   > confirmation number: 1 (block: 5505435)
   > confirmation number: 2 (block: 5505436)
   > confirmation number: 4 (block: 5505438)

   Deploying 'ProductDB'
   ---------------------
   > transaction hash:    0xac8b6319427a0ad3cf81deb1fec6278c11d43cbd2bcfa2d19cb003fa54dfecbd
   > Blocks: 5            Seconds: 89
   > contract address:    0x8A2B02E15e6cD8dec18CEC137f3ae7e3709300Bf
   > account:             0x0F548D8aAbAB2a0A9F73E14819ec599AdC32f24E
   > balance:             4.281588394
   > gas used:            1789292
   > gas price:           10 gwei
   > value sent:          0 ETH
   > total cost:          0.01789292 ETH

   Pausing for 3 confirmations...
   ------------------------------
   > confirmation number: 1 (block: 5505445)
   > confirmation number: 2 (block: 5505446)
   > confirmation number: 3 (block: 5505447)

   Deploying 'PurchaseDB'
   ----------------------
   > transaction hash:    0x6107f296c8d051d181d04a4202725b089fab853de1b8ea1a4f914459ef2559ef
   > Blocks: 5            Seconds: 109
   > contract address:    0x69e0EFdA7052C91B8f5421a295677c2be961EEA9
   > account:             0x0F548D8aAbAB2a0A9F73E14819ec599AdC32f24E
   > balance:             4.258738004
   > gas used:            2285039
   > gas price:           10 gwei
   > value sent:          0 ETH
   > total cost:          0.02285039 ETH

   Pausing for 3 confirmations...
   ------------------------------
   > confirmation number: 1 (block: 5505455)
   > confirmation number: 2 (block: 5505456)
   > confirmation number: 3 (block: 5505457)

   Deploying 'SpinProtocol'
   ------------------------
   > transaction hash:    0x18a5715e845cbc96b98c9b86fba4f71703bcce2510c33a81be0554d402d91761
   > Blocks: 1            Seconds: 25
   > contract address:    0xE82A2c82E4458bab5E69aD0cDcd564d4813c463e
   > account:             0x0F548D8aAbAB2a0A9F73E14819ec599AdC32f24E
   > balance:             4.231592514
   > gas used:            2714549
   > gas price:           10 gwei
   > value sent:          0 ETH
   > total cost:          0.02714549 ETH

   Pausing for 3 confirmations...
   ------------------------------
   > confirmation number: 1 (block: 5505461)
   > confirmation number: 2 (block: 5505462)
   > confirmation number: 3 (block: 5505463)

   Deploying 'EscrowAndFees'
   -------------------------
   > transaction hash:    0xca78bf95c6cdb1f24c193bc1f0c25e8e3bdd8681dd916685a08d3cbcfaa12503
   > Blocks: 4            Seconds: 101
   > contract address:    0x922a7B83FB435A924dF429Af01B49C13D95e3FBA
   > account:             0x0F548D8aAbAB2a0A9F73E14819ec599AdC32f24E
   > balance:             4.219784274
   > gas used:            1180824
   > gas price:           10 gwei
   > value sent:          0 ETH
   > total cost:          0.01180824 ETH

   Pausing for 3 confirmations...
   ------------------------------
   > confirmation number: 2 (block: 5505470)
   > confirmation number: 3 (block: 5505471)

   > Saving migration to chain.
   > Saving artifacts
   -------------------------------------
   > Total cost:          0.19368757 ETH


Summary
=======
> Total deployments:   10
> Final cost:          0.19589928 ETH
